{"/Users/nicholaspervez/Documents/SOC/The Big 4-Weeker/FrontEnd/SpoilerAlertFrontEnd/App.js": {"path":"/Users/nicholaspervez/Documents/SOC/The Big 4-Weeker/FrontEnd/SpoilerAlertFrontEnd/App.js","statementMap":{"0":{"start":{"line":10,"column":0},"end":{"line":10,"column":23}},"1":{"start":{"line":13,"column":1},"end":{"line":17,"column":3}}},"fnMap":{"0":{"name":"App","decl":{"start":{"line":12,"column":9},"end":{"line":12,"column":12}},"loc":{"start":{"line":12,"column":15},"end":{"line":18,"column":1}},"line":12}},"branchMap":{},"s":{"0":1,"1":2},"f":{"0":2},"b":{},"_coverageSchema":"1a1c01bbd47fc00a2c39e90264f33305004495a9","hash":"334890300f8c4a6a70eca66de17610b5e1f69623"}
}
